\BOOKMARK [0][-]{chapter*.4}{\376\377\000R\000\351\000s\000u\000m\000\351}{}% 1
\BOOKMARK [0][-]{chapter*.6}{\376\377\000L\000i\000s\000t\000e\000\040\000d\000e\000s\000\040\000a\000b\000r\000\351\000v\000i\000a\000t\000i\000o\000n\000s}{}% 2
\BOOKMARK [0][-]{chapter.1}{\376\377\000P\000r\000\351\000s\000e\000n\000t\000a\000t\000i\000o\000n\000\040\000g\000\351\000n\000\351\000r\000a\000l\000e\000\040\000d\000u\000\040\000p\000r\000o\000j\000e\000t}{}% 3
\BOOKMARK [1][-]{section.1.1}{\376\377\000I\000n\000t\000r\000o\000d\000u\000c\000t\000i\000o\000n}{chapter.1}% 4
\BOOKMARK [1][-]{section.1.2}{\376\377\000P\000r\000\351\000s\000e\000n\000t\000a\000t\000i\000o\000n\000\040\000d\000u\000\040\000l\000i\000e\000u\000\040\000d\000u\000\040\000s\000t\000a\000g\000e}{chapter.1}% 5
\BOOKMARK [2][-]{subsection.1.2.1}{\376\377\000P\000r\000\351\000s\000e\000n\000t\000a\000t\000i\000o\000n\000\040\000d\000e\000\040\000l\040\031\000e\000n\000t\000r\000e\000p\000r\000i\000s\000e}{section.1.2}% 6
\BOOKMARK [2][-]{subsection.1.2.2}{\376\377\000L\000e\000s\000\040\000V\000a\000l\000e\000u\000r\000s\000\040\000d\000e\000\040\000l\040\031\000e\000n\000t\000r\000e\000p\000r\000i\000s\000e}{section.1.2}% 7
\BOOKMARK [2][-]{subsection.1.2.3}{\376\377\000L\000a\000\040\000v\000i\000s\000i\000o\000n\000\040\000d\000e\000\040\000l\040\031\000e\000n\000t\000r\000e\000p\000r\000i\000s\000e}{section.1.2}% 8
\BOOKMARK [2][-]{subsection.1.2.4}{\376\377\000L\040\031\000o\000r\000g\000a\000n\000i\000g\000r\000a\000m\000m\000e\000\040\000d\000e\000\040\000l\040\031\000e\000n\000t\000r\000e\000p\000r\000i\000s\000e}{section.1.2}% 9
\BOOKMARK [2][-]{subsection.1.2.5}{\376\377\000L\040\031\000o\000r\000g\000a\000n\000i\000g\000r\000a\000m\000m\000e\000\040\000d\000e\000\040\000l\000a\000\040\000d\000i\000r\000e\000c\000t\000i\000o\000n\000\040\000T\000e\000c\000h\000n\000o\000l\000o\000g\000i\000e\000\040}{section.1.2}% 10
\BOOKMARK [1][-]{section.1.3}{\376\377\000C\000o\000n\000t\000e\000x\000t\000e\000\040\000g\000\351\000n\000\351\000r\000a\000l\000e\000\040\000d\000u\000\040\000p\000r\000o\000j\000e\000t}{chapter.1}% 11
\BOOKMARK [2][-]{subsection.1.3.1}{\376\377\000P\000r\000o\000b\000l\000\351\000m\000a\000t\000i\000q\000u\000e}{section.1.3}% 12
\BOOKMARK [2][-]{subsection.1.3.2}{\376\377\000O\000b\000j\000e\000c\000t\000i\000f\000\040\000d\000u\000\040\000p\000r\000o\000j\000e\000t}{section.1.3}% 13
\BOOKMARK [2][-]{subsection.1.3.3}{\376\377\000M\000\351\000t\000h\000o\000d\000o\000l\000o\000g\000i\000e\000\040\000d\000e\000\040\000t\000r\000a\000v\000a\000i\000l}{section.1.3}% 14
\BOOKMARK [2][-]{subsection.1.3.4}{\376\377\000C\000h\000o\000i\000x\000\040\000t\000e\000c\000h\000n\000o\000l\000o\000g\000i\000q\000u\000e\000s}{section.1.3}% 15
\BOOKMARK [1][-]{section.1.4}{\376\377\000C\000o\000n\000c\000e\000p\000t\000s\000\040\000C\000l\000\351\000s}{chapter.1}% 16
\BOOKMARK [2][-]{subsection.1.4.1}{\376\377\000D\000a\000t\000a\000\040\000M\000i\000n\000i\000n\000g}{section.1.4}% 17
\BOOKMARK [2][-]{subsection.1.4.2}{\376\377\000M\000a\000c\000h\000i\000n\000e\000\040\000L\000e\000a\000r\000n\000i\000n\000g}{section.1.4}% 18
\BOOKMARK [2][-]{subsection.1.4.3}{\376\377\000D\000a\000t\000a\000\040\000M\000i\000n\000i\000n\000g\000\040\000v\000s\000\040\000M\000a\000c\000h\000i\000n\000e\000\040\000L\000e\000a\000r\000n\000i\000n\000g}{section.1.4}% 19
\BOOKMARK [2][-]{subsection.1.4.4}{\376\377\000D\000e\000e\000p\000\040\000L\000e\000a\000r\000n\000i\000n\000g}{section.1.4}% 20
\BOOKMARK [3][-]{subsubsection.1.4.4.1}{\376\377\000P\000r\000i\000n\000c\000i\000p\000e\000s\000\040\000d\000u\000\040\000D\000e\000e\000p\000\040\000L\000e\000a\000r\000n\000i\000n\000g}{subsection.1.4.4}% 21
\BOOKMARK [3][-]{subsubsection.1.4.4.2}{\376\377\000A\000p\000p\000l\000i\000c\000a\000t\000i\000o\000n\000s\000\040\000d\000u\000\040\000D\000e\000e\000p\000\040\000L\000e\000a\000r\000n\000i\000n\000g}{subsection.1.4.4}% 22
\BOOKMARK [3][-]{subsubsection.1.4.4.3}{\376\377\000D\000i\000f\000f\000\351\000r\000e\000n\000c\000e\000\040\000e\000n\000t\000r\000e\000\040\000M\000a\000c\000h\000i\000n\000e\000\040\000L\000e\000a\000r\000n\000i\000n\000g\000\040\000e\000t\000\040\000D\000e\000e\000p\000\040\000L\000e\000a\000r\000n\000i\000n\000g}{subsection.1.4.4}% 23
\BOOKMARK [1][-]{section.1.5}{\376\377\000C\000o\000n\000c\000l\000u\000s\000i\000o\000n}{chapter.1}% 24
\BOOKMARK [0][-]{chapter.2}{\376\377\000O\000u\000t\000i\000l\000s\000\040\000m\000a\000t\000h\000\351\000m\000a\000t\000i\000q\000u\000e\000s\000\040\000d\000'\000o\000r\000d\000r\000e\000\040\000g\000\351\000n\000\351\000r\000a\000l}{}% 25
\BOOKMARK [1][-]{section.2.1}{\376\377\000I\000n\000t\000r\000o\000d\000u\000c\000t\000i\000o\000n}{chapter.2}% 26
\BOOKMARK [1][-]{section.2.2}{\376\377\000T\000e\000c\000h\000n\000i\000q\000u\000e\000s\000\040\000d\000e\000\040\000P\000r\000\351\000t\000r\000a\000i\000t\000e\000m\000e\000n\000t\000\040\000d\000e\000s\000\040\000D\000o\000n\000n\000\351\000e\000s}{chapter.2}% 27
\BOOKMARK [2][-]{subsection.2.2.1}{\376\377\000N\000o\000r\000m\000a\000l\000i\000s\000a\000t\000i\000o\000n\000\040\000d\000e\000s\000\040\000D\000o\000n\000n\000\351\000e\000s}{section.2.2}% 28
\BOOKMARK [3][-]{subsubsection.2.2.1.1}{\376\377\000M\000\351\000t\000h\000o\000d\000e\000s\000\040\000c\000l\000a\000s\000s\000i\000q\000u\000e\000s\000\040\000d\000e\000\040\000n\000o\000r\000m\000a\000l\000i\000s\000a\000t\000i\000o\000n}{subsection.2.2.1}% 29
\BOOKMARK [3][-]{subsubsection.2.2.1.2}{\376\377\000M\000\351\000t\000h\000o\000d\000e\000s\000\040\000a\000v\000a\000n\000c\000\351\000e\000s\000\040\000d\000e\000\040\000n\000o\000r\000m\000a\000l\000i\000s\000a\000t\000i\000o\000n}{subsection.2.2.1}% 30
\BOOKMARK [2][-]{subsection.2.2.2}{\376\377\000T\000r\000a\000i\000t\000e\000m\000e\000n\000t\000\040\000d\000e\000s\000\040\000V\000a\000l\000e\000u\000r\000s\000\040\000M\000a\000n\000q\000u\000a\000n\000t\000e\000s}{section.2.2}% 31
\BOOKMARK [3][-]{subsubsection.2.2.2.1}{\376\377\000I\000m\000p\000u\000t\000a\000t\000i\000o\000n\000\040\000p\000a\000r\000\040\000l\000a\000\040\000M\000\351\000d\000i\000a\000n\000e}{subsection.2.2.2}% 32
\BOOKMARK [3][-]{subsubsection.2.2.2.2}{\376\377\000K\000-\000N\000e\000a\000r\000e\000s\000t\000\040\000N\000e\000i\000g\000h\000b\000o\000r\000s\000\040\000p\000o\000u\000r\000\040\000l\000a\000\040\000P\000r\000\351\000d\000i\000c\000t\000i\000o\000n\000\040\000d\000e\000s\000\040\000V\000a\000l\000e\000u\000r\000s\000\040\000M\000a\000n\000q\000u\000a\000n\000t\000e\000s}{subsection.2.2.2}% 33
\BOOKMARK [2][-]{subsection.2.2.3}{\376\377\000C\000o\000n\000c\000l\000u\000s\000i\000o\000n}{section.2.2}% 34
\BOOKMARK [1][-]{section.2.3}{\376\377\000L\000e\000s\000\040\000i\000n\000d\000i\000c\000a\000t\000e\000u\000r\000s\000\040\000s\000t\000a\000t\000i\000s\000t\000i\000q\000u\000e\000s}{chapter.2}% 35
\BOOKMARK [2][-]{subsection.2.3.1}{\376\377\000E\000t\000a\000\040\000C\000a\000r\000r\000\351}{section.2.3}% 36
\BOOKMARK [2][-]{subsection.2.3.2}{\376\377\000C\000r\000a\000m\000e\000r\000\040\000V}{section.2.3}% 37
\BOOKMARK [2][-]{subsection.2.3.3}{\376\377\000L\000a\000m\000b\000d\000a\000\040\000d\000e\000\040\000G\000o\000o\000d\000m\000a\000n\000\040\000e\000t\000\040\000K\000r\000u\000s\000k\000a\000l}{section.2.3}% 38
\BOOKMARK [2][-]{subsection.2.3.4}{\376\377\000C\000o\000v\000a\000r\000i\000a\000n\000c\000e}{section.2.3}% 39
\BOOKMARK [2][-]{subsection.2.3.5}{\376\377\000L\000i\000m\000i\000t\000a\000t\000i\000o\000n\000\040\000d\000e\000s\000\040\000I\000n\000d\000i\000c\000a\000t\000e\000u\000r\000s\000\040\000S\000t\000a\000t\000i\000s\000t\000i\000q\000u\000e\000s}{section.2.3}% 40
\BOOKMARK [2][-]{subsection.2.3.6}{\376\377\000C\000o\000n\000c\000l\000u\000s\000i\000o\000n}{section.2.3}% 41
\BOOKMARK [1][-]{section.2.4}{\376\377\000L\000e\000s\000\040\000T\000e\000s\000t\000s\000\040\000d\000e\000\040\000c\000o\000r\000r\000\351\000l\000a\000t\000i\000o\000n}{chapter.2}% 42
\BOOKMARK [2][-]{subsection.2.4.1}{\376\377\000T\000e\000s\000t\000s\000\040\000p\000a\000r\000a\000m\000\351\000t\000r\000i\000q\000u\000e\000s}{section.2.4}% 43
\BOOKMARK [3][-]{subsubsection.2.4.1.1}{\376\377\000L\000e\000s\000\040\000c\000o\000n\000d\000i\000t\000i\000o\000n\000s\000\040\000p\000o\000u\000r\000\040\000a\000p\000p\000l\000i\000q\000u\000e\000r\000\040\000l\000e\000s\000\040\000t\000e\000s\000t\000s\000\040\000p\000a\000r\000a\000m\000\351\000t\000r\000i\000q\000u\000e\000s}{subsection.2.4.1}% 44
\BOOKMARK [3][-]{subsubsection.2.4.1.2}{\376\377\000T\000e\000s\000t\000\040\000t\000\040\000d\000e\000\040\000S\000t\000u\000d\000e\000n\000t}{subsection.2.4.1}% 45
\BOOKMARK [3][-]{subsubsection.2.4.1.3}{\376\377\000T\000e\000s\000t\000\040\000A\000N\000O\000V\000A}{subsection.2.4.1}% 46
\BOOKMARK [3][-]{subsubsection.2.4.1.4}{\376\377\000T\000e\000s\000t\000\040\000d\000e\000\040\000P\000e\000a\000r\000s\000o\000n}{subsection.2.4.1}% 47
\BOOKMARK [2][-]{subsection.2.4.2}{\376\377\000T\000e\000s\000t\000s\000\040\000n\000o\000n\000\040\000p\000a\000r\000a\000m\000\351\000t\000r\000i\000q\000u\000e\000s}{section.2.4}% 48
\BOOKMARK [3][-]{subsubsection.2.4.2.1}{\376\377\000T\000e\000s\000t\000\040\000U\000\040\000d\000e\000\040\000M\000a\000n\000n\000-\000W\000h\000i\000t\000n\000e\000y}{subsection.2.4.2}% 49
\BOOKMARK [3][-]{subsubsection.2.4.2.2}{\376\377\000T\000e\000s\000t\000\040\000d\000e\000\040\000K\000r\000u\000s\000k\000a\000l\000-\000W\000a\000l\000l\000i\000s}{subsection.2.4.2}% 50
\BOOKMARK [3][-]{subsubsection.2.4.2.3}{\376\377\000T\000e\000s\000t\000\040\000d\000e\000\040\000S\000p\000e\000a\000r\000m\000a\000n}{subsection.2.4.2}% 51
\BOOKMARK [3][-]{subsubsection.2.4.2.4}{\376\377\000T\000e\000s\000t\000\040\000d\000u\000\040\000C\000h\000i\000-\000D\000e\000u\000x}{subsection.2.4.2}% 52
\BOOKMARK [3][-]{subsubsection.2.4.2.5}{\376\377\000T\000e\000s\000t\000\040\000e\000x\000a\000c\000t\000\040\000d\000e\000\040\000F\000i\000s\000h\000e\000r}{subsection.2.4.2}% 53
\BOOKMARK [1][-]{section.2.5}{\376\377\000\311\000q\000u\000i\000l\000i\000b\000r\000a\000g\000e\000\040\000d\000e\000s\000\040\000C\000l\000a\000s\000s\000e\000s\000\040\000a\000v\000e\000c\000\040\000S\000M\000O\000T\000E}{chapter.2}% 54
\BOOKMARK [1][-]{section.2.6}{\376\377\000S\000\351\000l\000e\000c\000t\000i\000o\000n\000\040\000d\000e\000s\000\040\000C\000a\000r\000a\000c\000t\000\351\000r\000i\000s\000t\000i\000q\000u\000e\000s\000\040\000\050\000F\000e\000a\000t\000u\000r\000e\000\040\000S\000e\000l\000e\000c\000t\000i\000o\000n\000\051}{chapter.2}% 55
\BOOKMARK [2][-]{subsection.2.6.1}{\376\377\000R\000F\000E\000\040\000\050\000R\000e\000c\000u\000r\000s\000i\000v\000e\000\040\000F\000e\000a\000t\000u\000r\000e\000\040\000E\000l\000i\000m\000i\000n\000a\000t\000i\000o\000n\000\051}{section.2.6}% 56
\BOOKMARK [2][-]{subsection.2.6.2}{\376\377\000S\000e\000l\000e\000c\000t\000K\000B\000e\000s\000t}{section.2.6}% 57
\BOOKMARK [2][-]{subsection.2.6.3}{\376\377\000F\000e\000a\000t\000u\000r\000e\000\040\000I\000m\000p\000o\000r\000t\000a\000n\000c\000e\000\040\000a\000v\000e\000c\000\040\000F\000o\000r\000\352\000t\000\040\000A\000l\000\351\000a\000t\000o\000i\000r\000e}{section.2.6}% 58
\BOOKMARK [2][-]{subsection.2.6.4}{\376\377\000C\000o\000n\000c\000l\000u\000s\000i\000o\000n}{section.2.6}% 59
\BOOKMARK [1][-]{section.2.7}{\376\377\000M\000o\000d\000\350\000l\000e\000s\000\040\000d\000e\000\040\000M\000a\000c\000h\000i\000n\000e\000\040\000L\000e\000a\000r\000n\000i\000n\000g}{chapter.2}% 60
\BOOKMARK [2][-]{subsection.2.7.1}{\376\377\000R\000\351\000g\000r\000e\000s\000s\000i\000o\000n\000\040\000L\000o\000g\000i\000s\000t\000i\000q\000u\000e}{section.2.7}% 61
\BOOKMARK [3][-]{subsubsection.2.7.1.1}{\376\377\000H\000y\000p\000e\000r\000p\000a\000r\000a\000m\000\350\000t\000r\000e\000s}{subsection.2.7.1}% 62
\BOOKMARK [2][-]{subsection.2.7.2}{\376\377\000L\040\031\000A\000r\000b\000r\000e\000\040\000d\000e\000\040\000D\000\351\000c\000i\000s\000i\000o\000n}{section.2.7}% 63
\BOOKMARK [2][-]{subsection.2.7.3}{\376\377\000L\000a\000\040\000F\000o\000r\000\352\000t\000\040\000A\000l\000\351\000a\000t\000o\000i\000r\000e\000:\000\040\000u\000n\000\040\000m\000o\000d\000\350\000l\000e\000\040\000n\000o\000n\000\040\000p\000a\000r\000a\000m\000\351\000t\000r\000i\000q\000u\000e}{section.2.7}% 64
\BOOKMARK [2][-]{subsection.2.7.4}{\376\377\000A\000d\000a\000B\000o\000o\000s\000t\000:\000\040\000A\000m\000\351\000l\000i\000o\000r\000a\000t\000i\000o\000n\000\040\000d\000e\000s\000\040\000A\000r\000b\000r\000e\000s\000\040\000d\000e\000\040\000D\000\351\000c\000i\000s\000i\000o\000n}{section.2.7}% 65
\BOOKMARK [2][-]{subsection.2.7.5}{\376\377\000C\000o\000n\000c\000l\000u\000s\000i\000o\000n}{section.2.7}% 66
\BOOKMARK [1][-]{section.2.8}{\376\377\000D\000e\000e\000p\000\040\000L\000e\000a\000r\000n\000i\000n\000g}{chapter.2}% 67
\BOOKMARK [2][-]{subsection.2.8.1}{\376\377\000L\000e\000s\000\040\000C\000o\000u\000c\000h\000e\000s\000\040\000d\000a\000n\000s\000\040\000u\000n\000\040\000R\000\351\000s\000e\000a\000u\000\040\000d\000e\000\040\000N\000e\000u\000r\000o\000n\000e\000s}{section.2.8}% 68
\BOOKMARK [2][-]{subsection.2.8.2}{\376\377\000F\000o\000n\000c\000t\000i\000o\000n\000s\000\040\000d\000'\000A\000c\000t\000i\000v\000a\000t\000i\000o\000n}{section.2.8}% 69
\BOOKMARK [2][-]{subsection.2.8.3}{\376\377\000E\000n\000t\000r\000a\000\356\000n\000e\000m\000e\000n\000t\000\040\000e\000t\000\040\000B\000a\000c\000k\000p\000r\000o\000p\000a\000g\000a\000t\000i\000o\000n}{section.2.8}% 70
\BOOKMARK [3][-]{subsubsection.2.8.3.1}{\376\377\000C\000a\000l\000c\000u\000l\000\040\000d\000e\000\040\000l\000a\000\040\000F\000o\000n\000c\000t\000i\000o\000n\000\040\000d\000e\000\040\000P\000e\000r\000t\000e}{subsection.2.8.3}% 71
\BOOKMARK [3][-]{subsubsection.2.8.3.2}{\376\377\000B\000a\000c\000k\000p\000r\000o\000p\000a\000g\000a\000t\000i\000o\000n\000\040\000e\000t\000\040\000D\000e\000s\000c\000e\000n\000t\000e\000\040\000d\000e\000\040\000G\000r\000a\000d\000i\000e\000n\000t}{subsection.2.8.3}% 72
\BOOKMARK [2][-]{subsection.2.8.4}{\376\377\000R\000\351\000g\000u\000l\000a\000r\000i\000s\000a\000t\000i\000o\000n\000\040\000e\000t\000\040\000D\000r\000o\000p\000o\000u\000t}{section.2.8}% 73
\BOOKMARK [2][-]{subsection.2.8.5}{\376\377\000H\000y\000p\000e\000r\000p\000a\000r\000a\000m\000\350\000t\000r\000e\000s\000:\000\040\000S\000i\000g\000n\000i\000f\000i\000c\000a\000t\000i\000o\000n\000\040\000e\000t\000\040\000I\000m\000p\000a\000c\000t}{section.2.8}% 74
\BOOKMARK [2][-]{subsection.2.8.6}{\376\377\000C\000o\000n\000c\000l\000u\000s\000i\000o\000n}{section.2.8}% 75
\BOOKMARK [1][-]{section.2.9}{\376\377\000I\000n\000t\000e\000r\000p\000r\000\351\000t\000a\000t\000i\000o\000n\000\040\000d\000e\000s\000\040\000M\000o\000d\000\350\000l\000e\000s\000\040\000p\000o\000u\000r\000\040\000l\000a\000\040\000P\000r\000\351\000d\000i\000c\000t\000i\000o\000n\000\040\000d\000e\000\040\000l\000a\000\040\000S\000a\000t\000i\000s\000f\000a\000c\000t\000i\000o\000n\000\040\000C\000l\000i\000e\000n\000t}{chapter.2}% 76
\BOOKMARK [2][-]{subsection.2.9.1}{\376\377\000C\000l\000u\000s\000t\000e\000r\000i\000n\000g\000\040\000a\000v\000e\000c\000\040\000K\000M\000e\000a\000n\000s}{section.2.9}% 77
\BOOKMARK [2][-]{subsection.2.9.2}{\376\377\000C\000a\000l\000c\000u\000l\000\040\000d\000e\000\040\000l\000a\000\040\000P\000r\000o\000b\000a\000b\000i\000l\000i\000t\000\351\000\040\000d\000e\000\040\000S\000a\000t\000i\000s\000f\000a\000c\000t\000i\000o\000n}{section.2.9}% 78
\BOOKMARK [2][-]{subsection.2.9.3}{\376\377\000I\000n\000t\000e\000r\000p\000r\000\351\000t\000a\000t\000i\000o\000n\000\040\000d\000e\000s\000\040\000R\000\351\000s\000u\000l\000t\000a\000t\000s}{section.2.9}% 79
\BOOKMARK [2][-]{subsection.2.9.4}{\376\377\000C\000o\000n\000c\000l\000u\000s\000i\000o\000n}{section.2.9}% 80
\BOOKMARK [1][-]{section.2.10}{\376\377\000C\000o\000n\000c\000l\000u\000s\000i\000o\000n}{chapter.2}% 81
\BOOKMARK [0][-]{chapter.3}{\376\377\000R\000\351\000a\000l\000i\000s\000a\000t\000i\000o\000n}{}% 82
\BOOKMARK [1][-]{section.3.1}{\376\377\000I\000n\000t\000r\000o\000d\000u\000c\000t\000i\000o\000n}{chapter.3}% 83
\BOOKMARK [1][-]{section.3.2}{\376\377\000P\000r\000\351\000t\000r\000a\000i\000t\000e\000m\000e\000n\000t\000\040\000d\000e\000s\000\040\000d\000o\000n\000n\000\351\000e\000s}{chapter.3}% 84
\BOOKMARK [2][-]{subsection.3.2.1}{\376\377\000P\000r\000\351\000p\000a\000r\000a\000t\000i\000o\000n\000\040\000e\000t\000\040\000n\000e\000t\000t\000o\000y\000a\000g\000e\000\040\000d\000e\000s\000\040\000d\000o\000n\000n\000\351\000e\000s}{section.3.2}% 85
\BOOKMARK [2][-]{subsection.3.2.2}{\376\377\000N\000o\000r\000m\000a\000l\000i\000s\000a\000t\000i\000o\000n\000\040\000d\000e\000s\000\040\000d\000o\000n\000n\000\351\000e\000s}{section.3.2}% 86
\BOOKMARK [2][-]{subsection.3.2.3}{\376\377\000U\000t\000i\000l\000i\000s\000a\000t\000i\000o\000n\000\040\000d\000e\000\040\000p\000l\000u\000s\000i\000e\000u\000r\000s\000\040\000t\000a\000b\000l\000e\000s}{section.3.2}% 87
\BOOKMARK [1][-]{section.3.3}{\376\377\000A\000n\000a\000l\000y\000s\000e\000\040\000d\000e\000s\000\040\000d\000o\000n\000n\000\351\000e\000s}{chapter.3}% 88
\BOOKMARK [2][-]{subsection.3.3.1}{\376\377\000A\000n\000a\000l\000y\000s\000e\000\040\000d\000e\000s\000c\000r\000i\000p\000t\000i\000v\000e}{section.3.3}% 89
\BOOKMARK [3][-]{subsubsection.3.3.1.1}{\376\377\000A\000n\000a\000l\000y\000s\000e\000\040\000d\000e\000s\000\040\000v\000a\000r\000i\000a\000b\000l\000e\000s\000\040\000q\000u\000a\000n\000t\000i\000t\000a\000t\000i\000v\000e\000s}{subsection.3.3.1}% 90
\BOOKMARK [3][-]{subsubsection.3.3.1.2}{\376\377\000A\000n\000a\000l\000y\000s\000e\000\040\000d\000e\000s\000\040\000v\000a\000r\000i\000a\000b\000l\000e\000s\000\040\000q\000u\000a\000l\000i\000t\000a\000t\000i\000v\000e}{subsection.3.3.1}% 91
\BOOKMARK [3][-]{subsubsection.3.3.1.3}{\376\377\000C\000o\000m\000p\000a\000r\000a\000i\000s\000o\000n\000\040\000g\000l\000o\000b\000a\000l\000e\000\040\000e\000n\000t\000r\000e\000\040\000O\000S\000A\000T\000\040\000m\000u\000l\000t\000i\000c\000l\000a\000s\000s\000e\000\040\000e\000t\000\040\000O\000S\000A\000T\000\040\000b\000i\000n\000a\000i\000r\000e}{subsection.3.3.1}% 92
\BOOKMARK [2][-]{subsection.3.3.2}{\376\377\000A\000n\000a\000l\000y\000s\000e\000\040\000i\000n\000f\000\351\000r\000e\000n\000t\000i\000e\000l\000l\000e}{section.3.3}% 93
\BOOKMARK [3][-]{subsubsection.3.3.2.1}{\376\377\000C\000o\000r\000r\000\351\000l\000a\000t\000i\000o\000n\000\040\000e\000n\000t\000r\000e\000\040\000l\000a\000\040\000v\000a\000r\000i\000a\000b\000l\000e\000\040\000c\000i\000b\000l\000e\000\040\000e\000t\000\040\000l\000e\000s\000\040\000v\000a\000r\000i\000a\000b\000l\000e\000s\000\040\000e\000x\000p\000l\000i\000c\000a\000t\000i\000v\000e\000s}{subsection.3.3.2}% 94
\BOOKMARK [3][-]{subsubsection.3.3.2.2}{\376\377\000A\000n\000a\000l\000y\000s\000e\000\040\000d\000e\000s\000\040\000c\000o\000r\000r\000\351\000l\000a\000t\000i\000o\000n\000s\000\040\000e\000n\000t\000r\000e\000\040\000l\000e\000s\000\040\000v\000a\000r\000i\000a\000b\000l\000e\000s\000\040\000e\000x\000p\000l\000i\000c\000a\000t\000i\000v\000e\000s}{subsection.3.3.2}% 95
\BOOKMARK [1][-]{section.3.4}{\376\377\000M\000o\000d\000\351\000l\000i\000s\000a\000t\000i\000o\000n}{chapter.3}% 96
\BOOKMARK [2][-]{subsection.3.4.1}{\376\377\000\311\000q\000u\000i\000l\000i\000b\000r\000a\000g\000e\000\040\000d\000e\000s\000\040\000c\000l\000a\000s\000s\000e\000s\000\040\000\050\000S\000M\000O\000T\000E\000\051}{section.3.4}% 97
\BOOKMARK [2][-]{subsection.3.4.2}{\376\377\000S\000\351\000l\000e\000c\000t\000i\000o\000n\000\040\000d\000e\000s\000\040\000c\000a\000r\000a\000c\000t\000\351\000r\000i\000s\000t\000i\000q\000u\000e\000s}{section.3.4}% 98
\BOOKMARK [2][-]{subsection.3.4.3}{\376\377\000M\000o\000d\000\351\000l\000i\000s\000a\000t\000i\000o\000n\000\040\000a\000v\000e\000c\000\040\000M\000a\000c\000h\000i\000n\000e\000\040\000L\000e\000a\000r\000n\000i\000n\000g}{section.3.4}% 99
\BOOKMARK [3][-]{subsubsection.3.4.3.1}{\376\377\000P\000r\000\351\000t\000r\000a\000i\000t\000e\000m\000e\000n\000t\000\040\000d\000e\000s\000\040\000d\000o\000n\000n\000\351\000e\000s}{subsection.3.4.3}% 100
\BOOKMARK [3][-]{subsubsection.3.4.3.2}{\376\377\000O\000p\000t\000i\000m\000i\000s\000a\000t\000i\000o\000n\000\040\000d\000e\000s\000\040\000h\000y\000p\000e\000r\000p\000a\000r\000a\000m\000\350\000t\000r\000e\000s}{subsection.3.4.3}% 101
\BOOKMARK [3][-]{subsubsection.3.4.3.3}{\376\377\000S\000\351\000l\000e\000c\000t\000i\000o\000n\000\040\000d\000e\000s\000\040\000c\000a\000r\000a\000c\000t\000\351\000r\000i\000s\000t\000i\000q\000u\000e\000s\000\040\000i\000m\000p\000o\000r\000t\000a\000n\000t\000e\000s\000\040\000e\000t\000\040\000r\000\351\000e\000n\000t\000r\000a\000\356\000n\000e\000m\000e\000n\000t\000\040\000d\000u\000\040\000m\000o\000d\000\350\000l\000e}{subsection.3.4.3}% 102
\BOOKMARK [3][-]{subsubsection.3.4.3.4}{\376\377\000O\000p\000t\000i\000m\000i\000s\000a\000t\000i\000o\000n\000\040\000d\000u\000\040\000s\000e\000u\000i\000l\000\040\000d\000e\000\040\000c\000l\000a\000s\000s\000i\000f\000i\000c\000a\000t\000i\000o\000n}{subsection.3.4.3}% 103
\BOOKMARK [3][-]{subsubsection.3.4.3.5}{\376\377\000C\000o\000n\000c\000l\000u\000s\000i\000o\000n}{subsection.3.4.3}% 104
\BOOKMARK [2][-]{subsection.3.4.4}{\376\377\000M\000o\000d\000\351\000l\000i\000s\000a\000t\000i\000o\000n\000\040\000a\000v\000e\000c\000\040\000D\000e\000e\000p\000\040\000L\000e\000a\000r\000n\000i\000n\000g}{section.3.4}% 105
\BOOKMARK [3][-]{subsubsection.3.4.4.1}{\376\377\000A\000p\000p\000r\000o\000c\000h\000e\000\040\000P\000y\000T\000o\000r\000c\000h}{subsection.3.4.4}% 106
\BOOKMARK [3][-]{subsubsection.3.4.4.2}{\376\377\000A\000p\000p\000r\000o\000c\000h\000e\000\040\000K\000e\000r\000a\000s\000/\000T\000e\000n\000s\000o\000r\000F\000l\000o\000w}{subsection.3.4.4}% 107
\BOOKMARK [3][-]{subsubsection.3.4.4.3}{\376\377\000C\000o\000n\000c\000l\000u\000s\000i\000o\000n}{subsection.3.4.4}% 108
\BOOKMARK [1][-]{section.3.5}{\376\377\000C\000o\000n\000c\000l\000u\000s\000i\000o\000n}{chapter.3}% 109
\BOOKMARK [0][-]{chapter.4}{\376\377\000R\000\351\000s\000u\000l\000t\000a\000t\000s\000\040\000e\000t\000\040\000i\000n\000t\000e\000r\000p\000r\000\351\000t\000a\000t\000i\000o\000n}{}% 110
\BOOKMARK [1][-]{section.4.1}{\376\377\000I\000n\000t\000r\000o\000d\000u\000c\000t\000i\000o\000n}{chapter.4}% 111
\BOOKMARK [1][-]{section.4.2}{\376\377\000R\000\351\000s\000u\000l\000t\000a\000t\000s\000\040\000d\000e\000s\000\040\000M\000o\000d\000\350\000l\000e\000s\000\040\000d\000e\000\040\000M\000a\000c\000h\000i\000n\000e\000\040\000L\000e\000a\000r\000n\000i\000n\000g}{chapter.4}% 112
\BOOKMARK [2][-]{subsection.4.2.1}{\376\377\000M\000o\000d\000\350\000l\000e\000\040\000d\000e\000\040\000R\000\351\000g\000r\000e\000s\000s\000i\000o\000n\000\040\000L\000o\000g\000i\000s\000t\000i\000q\000u\000e}{section.4.2}% 113
\BOOKMARK [3][-]{subsubsection.4.2.1.1}{\376\377\000R\000\351\000s\000u\000l\000t\000a\000t\000s\000\040\000p\000o\000u\000r\000\040\000l\000e\000s\000\040\000t\000r\000o\000i\000s\000\040\000d\000a\000t\000a\000s\000e\000t\000s}{subsection.4.2.1}% 114
\BOOKMARK [3][-]{subsubsection.4.2.1.2}{\376\377\000C\000o\000m\000p\000a\000r\000a\000i\000s\000o\000n\000\040\000d\000e\000s\000\040\000r\000\351\000s\000u\000l\000t\000a\000t\000s\000\040\000e\000n\000t\000r\000e\000\040\000l\000e\000s\000\040\000t\000r\000o\000i\000s\000\040\000d\000a\000t\000a\000s\000e\000t\000s}{subsection.4.2.1}% 115
\BOOKMARK [2][-]{subsection.4.2.2}{\376\377\000M\000o\000d\000\350\000l\000e\000\040\000A\000r\000b\000r\000e\000\040\000d\000e\000\040\000D\000\351\000c\000i\000s\000i\000o\000n}{section.4.2}% 116
\BOOKMARK [3][-]{subsubsection.4.2.2.1}{\376\377\000R\000\351\000s\000u\000l\000t\000a\000t\000s\000\040\000p\000o\000u\000r\000\040\000l\000e\000s\000\040\000t\000r\000o\000i\000s\000\040\000d\000a\000t\000a\000s\000e\000t\000s}{subsection.4.2.2}% 117
\BOOKMARK [3][-]{subsubsection.4.2.2.2}{\376\377\000C\000o\000m\000p\000a\000r\000a\000i\000s\000o\000n\000\040\000d\000e\000s\000\040\000r\000\351\000s\000u\000l\000t\000a\000t\000s\000\040\000e\000n\000t\000r\000e\000\040\000l\000e\000s\000\040\000t\000r\000o\000i\000s\000\040\000d\000a\000t\000a\000s\000e\000t\000s}{subsection.4.2.2}% 118
\BOOKMARK [2][-]{subsection.4.2.3}{\376\377\000M\000o\000d\000\350\000l\000e\000\040\000d\000e\000\040\000R\000a\000n\000d\000o\000m\000\040\000F\000o\000r\000e\000s\000t}{section.4.2}% 119
\BOOKMARK [3][-]{subsubsection.4.2.3.1}{\376\377\000R\000\351\000s\000u\000l\000t\000a\000t\000s\000\040\000p\000o\000u\000r\000\040\000l\000e\000s\000\040\000t\000r\000o\000i\000s\000\040\000d\000a\000t\000a\000s\000e\000t\000s}{subsection.4.2.3}% 120
\BOOKMARK [3][-]{subsubsection.4.2.3.2}{\376\377\000S\000\351\000l\000e\000c\000t\000i\000o\000n\000\040\000a\000u\000t\000o\000m\000a\000t\000i\000q\000u\000e\000\040\000d\000u\000\040\000s\000e\000u\000i\000l\000\040\000d\000'\000i\000m\000p\000o\000r\000t\000a\000n\000c\000e}{subsection.4.2.3}% 121
\BOOKMARK [3][-]{subsubsection.4.2.3.3}{\376\377\000A\000p\000p\000r\000o\000c\000h\000e\000\040\000d\000e\000\040\000K\000M\000e\000a\000n\000s\000\040\000e\000t\000\040\000r\000\351\000s\000u\000l\000t\000a\000t\000s\000\040\000p\000o\000u\000r\000\040\000r\000e\000t\000a\000i\000l\000\137\000j\000u\000i\000n}{subsection.4.2.3}% 122
\BOOKMARK [3][-]{subsubsection.4.2.3.4}{\376\377\000R\000\351\000s\000u\000l\000t\000a\000t\000s\000\040\000a\000p\000r\000\350\000s\000\040\000K\000M\000e\000a\000n\000s\000\040\000s\000u\000r\000\040\000r\000e\000t\000a\000i\000l\000\137\000j\000u\000i\000n}{subsection.4.2.3}% 123
\BOOKMARK [3][-]{subsubsection.4.2.3.5}{\376\377\000C\000o\000n\000c\000l\000u\000s\000i\000o\000n}{subsection.4.2.3}% 124
\BOOKMARK [1][-]{section.4.3}{\376\377\000R\000\351\000s\000u\000l\000t\000a\000t\000s\000\040\000d\000e\000s\000\040\000M\000o\000d\000\350\000l\000e\000s\000\040\000d\000e\000\040\000D\000e\000e\000p\000\040\000L\000e\000a\000r\000n\000i\000n\000g}{chapter.4}% 125
\BOOKMARK [2][-]{subsection.4.3.1}{\376\377\000M\000o\000d\000\350\000l\000e\000\040\000D\000e\000e\000p\000\040\000L\000e\000a\000r\000n\000i\000n\000g\000\040\000a\000v\000e\000c\000\040\000P\000y\000T\000o\000r\000c\000h}{section.4.3}% 126
\BOOKMARK [3][-]{subsubsection.4.3.1.1}{\376\377\000C\000o\000m\000p\000a\000r\000a\000i\000s\000o\000n\000\040\000d\000e\000s\000\040\000r\000\351\000s\000u\000l\000t\000a\000t\000s\000\040\000e\000n\000t\000r\000e\000\040\000l\000e\000s\000\040\000t\000r\000o\000i\000s\000\040\000d\000a\000t\000a\000s\000e\000t\000s}{subsection.4.3.1}% 127
\BOOKMARK [2][-]{subsection.4.3.2}{\376\377\000R\000\351\000s\000u\000l\000t\000a\000t\000s\000\040\000d\000e\000s\000\040\000M\000o\000d\000\350\000l\000e\000s\000\040\000a\000v\000e\000c\000\040\000K\000e\000r\000a\000s\000/\000T\000e\000n\000s\000o\000r\000F\000l\000o\000w}{section.4.3}% 128
\BOOKMARK [3][-]{subsubsection.4.3.2.1}{\376\377\000R\000\351\000s\000u\000l\000t\000a\000t\000s\000\040\000p\000o\000u\000r\000\040\000n\000e\000t\000w\000o\000r\000k\000\137\000f\000e\000v}{subsection.4.3.2}% 129
\BOOKMARK [3][-]{subsubsection.4.3.2.2}{\376\377\000R\000\351\000s\000u\000l\000t\000a\000t\000s\000\040\000p\000o\000u\000r\000\040\000n\000e\000t\000w\000o\000r\000k\000\137\000m\000a\000y}{subsection.4.3.2}% 130
\BOOKMARK [3][-]{subsubsection.4.3.2.3}{\376\377\000R\000\351\000s\000u\000l\000t\000a\000t\000s\000\040\000p\000o\000u\000r\000\040\000r\000e\000t\000a\000i\000l\000\137\000j\000u\000i\000n}{subsection.4.3.2}% 131
\BOOKMARK [3][-]{subsubsection.4.3.2.4}{\376\377\000C\000o\000m\000p\000a\000r\000a\000i\000s\000o\000n\000\040\000d\000e\000s\000\040\000R\000\351\000s\000u\000l\000t\000a\000t\000s}{subsection.4.3.2}% 132
\BOOKMARK [1][-]{section.4.4}{\376\377\000C\000o\000m\000p\000a\000r\000a\000i\000s\000o\000n\000\040\000E\000n\000t\000r\000e\000\040\000l\000e\000s\000\040\000M\000o\000d\000\350\000l\000e\000s\000\040\000d\000e\000\040\000M\000a\000c\000h\000i\000n\000e\000\040\000L\000e\000a\000r\000n\000i\000n\000g\000\040\000e\000t\000\040\000d\000e\000\040\000D\000e\000e\000p\000\040\000L\000e\000a\000r\000n\000i\000n\000g}{chapter.4}% 133
\BOOKMARK [2][-]{subsection.4.4.1}{\376\377\000C\000o\000m\000p\000a\000r\000a\000i\000s\000o\000n\000\040\000e\000t\000\040\000V\000a\000l\000i\000d\000a\000t\000i\000o\000n\000\040\000d\000e\000s\000\040\000M\000o\000d\000\350\000l\000e\000s\000\040\000d\000e\000\040\000M\000a\000c\000h\000i\000n\000e\000\040\000L\000e\000a\000r\000n\000i\000n\000g}{section.4.4}% 134
\BOOKMARK [2][-]{subsection.4.4.2}{\376\377\000C\000o\000m\000p\000a\000r\000a\000i\000s\000o\000n\000\040\000e\000t\000\040\000V\000a\000l\000i\000d\000a\000t\000i\000o\000n\000\040\000d\000e\000s\000\040\000M\000o\000d\000\350\000l\000e\000s\000\040\000d\000e\000\040\000D\000e\000e\000p\000\040\000L\000e\000a\000r\000n\000i\000n\000g}{section.4.4}% 135
\BOOKMARK [2][-]{subsection.4.4.3}{\376\377\000C\000o\000m\000p\000a\000r\000a\000i\000s\000o\000n\000\040\000G\000l\000o\000b\000a\000l\000e\000\040\000:\000\040\000M\000a\000c\000h\000i\000n\000e\000\040\000L\000e\000a\000r\000n\000i\000n\000g\000\040\000v\000s\000\040\000D\000e\000e\000p\000\040\000L\000e\000a\000r\000n\000i\000n\000g}{section.4.4}% 136
\BOOKMARK [2][-]{subsection.4.4.4}{\376\377\000M\000o\000d\000\350\000l\000e\000\040\000d\040\031\000E\000n\000s\000e\000m\000b\000l\000e\000\040\000\050\000R\000a\000n\000d\000o\000m\000\040\000F\000o\000r\000e\000s\000t\000,\000\040\000A\000d\000a\000B\000o\000o\000s\000t\000\040\000e\000t\000\040\000R\000\351\000s\000e\000a\000u\000\040\000d\000e\000\040\000N\000e\000u\000r\000o\000n\000e\000s\000\051}{section.4.4}% 137
\BOOKMARK [3][-]{subsubsection.4.4.4.1}{\376\377\000M\000o\000t\000i\000v\000a\000t\000i\000o\000n\000\040\000d\000e\000\040\000l\040\031\000a\000p\000p\000r\000o\000c\000h\000e\000\040\000d\040\031\000e\000n\000s\000e\000m\000b\000l\000e}{subsection.4.4.4}% 138
\BOOKMARK [3][-]{subsubsection.4.4.4.2}{\376\377\000J\000u\000s\000t\000i\000f\000i\000c\000a\000t\000i\000o\000n\000\040\000d\000e\000s\000\040\000d\000a\000t\000a\000s\000e\000t\000s\000\040\000s\000\351\000l\000e\000c\000t\000i\000o\000n\000n\000\351\000s}{subsection.4.4.4}% 139
\BOOKMARK [3][-]{subsubsection.4.4.4.3}{\376\377\000O\000p\000t\000i\000m\000i\000s\000a\000t\000i\000o\000n\000\040\000d\000e\000s\000\040\000p\000o\000i\000d\000s\000\040\000p\000o\000u\000r\000\040\000l\000a\000\040\000c\000o\000m\000b\000i\000n\000a\000i\000s\000o\000n\000\040\000d\000e\000s\000\040\000m\000o\000d\000\350\000l\000e\000s}{subsection.4.4.4}% 140
\BOOKMARK [3][-]{subsubsection.4.4.4.4}{\376\377\000R\000\351\000s\000u\000l\000t\000a\000t\000s\000\040\000p\000o\000u\000r\000\040\000n\000e\000t\000w\000o\000r\000k\000\137\000f\000e\000v}{subsection.4.4.4}% 141
\BOOKMARK [3][-]{subsubsection.4.4.4.5}{\376\377\000R\000\351\000s\000u\000l\000t\000a\000t\000s\000\040\000p\000o\000u\000r\000\040\000r\000e\000t\000a\000i\000l\000\137\000j\000u\000i\000n}{subsection.4.4.4}% 142
\BOOKMARK [2][-]{subsection.4.4.5}{\376\377\000V\000\351\000r\000i\000f\000i\000c\000a\000t\000i\000o\000n\000\040\000d\000e\000\040\000s\000u\000r\000a\000j\000u\000s\000t\000e\000m\000e\000n\000t\000\040\000d\000u\000\040\000m\000e\000i\000l\000l\000e\000u\000r\000\040\000m\000o\000d\000\350\000l\000e}{section.4.4}% 143
\BOOKMARK [2][-]{subsection.4.4.6}{\376\377\000C\000o\000n\000c\000l\000u\000s\000i\000o\000n}{section.4.4}% 144
\BOOKMARK [1][-]{section.4.5}{\376\377\000V\000\351\000r\000i\000f\000i\000c\000a\000t\000i\000o\000n\000\040\000d\000u\000\040\000s\000u\000r\000a\000j\000u\000s\000t\000e\000m\000e\000n\000t\000\040\000d\000u\000\040\000m\000e\000i\000l\000l\000e\000u\000r\000\040\000m\000o\000d\000\350\000l\000e}{chapter.4}% 145
\BOOKMARK [2][-]{subsection.4.5.1}{\376\377\000A\000n\000a\000l\000y\000s\000e\000\040\000d\000e\000s\000\040\000r\000\351\000s\000u\000l\000t\000a\000t\000s}{section.4.5}% 146
\BOOKMARK [2][-]{subsection.4.5.2}{\376\377\000C\000o\000n\000c\000l\000u\000s\000i\000o\000n\000\040\000s\000u\000r\000\040\000l\000e\000\040\000s\000u\000r\000a\000j\000u\000s\000t\000e\000m\000e\000n\000t}{section.4.5}% 147
\BOOKMARK [1][-]{section.4.6}{\376\377\000P\000r\000o\000f\000i\000l\000\040\000d\000e\000s\000\040\000C\000l\000i\000e\000n\000t\000s\000\040\000S\000a\000t\000i\000s\000f\000a\000i\000t\000s\000\040\000e\000t\000\040\000I\000n\000t\000e\000r\000p\000r\000\351\000t\000a\000t\000i\000o\000n\000\040\000d\000e\000s\000\040\000V\000a\000r\000i\000a\000b\000l\000e\000s}{chapter.4}% 148
\BOOKMARK [2][-]{subsection.4.6.1}{\376\377\000R\000\351\000s\000u\000l\000t\000a\000t\000s\000\040\000p\000o\000u\000r\000\040\000n\000e\000t\000w\000o\000r\000k\000\137\000f\000e\000v}{section.4.6}% 149
\BOOKMARK [2][-]{subsection.4.6.2}{\376\377\000R\000\351\000s\000u\000l\000t\000a\000t\000s\000\040\000p\000o\000u\000r\000\040\000n\000e\000t\000w\000o\000r\000k\000\137\000m\000a\000y}{section.4.6}% 150
\BOOKMARK [2][-]{subsection.4.6.3}{\376\377\000C\000o\000m\000p\000a\000r\000a\000i\000s\000o\000n\000\040\000d\000e\000s\000\040\000R\000\351\000s\000u\000l\000t\000a\000t\000s\000\040\000E\000n\000t\000r\000e\000\040\000l\000e\000s\000\040\000T\000r\000o\000i\000s\000\040\000D\000a\000t\000a\000s\000e\000t\000s}{section.4.6}% 151
\BOOKMARK [1][-]{section.4.7}{\376\377\000C\000o\000n\000c\000l\000u\000s\000i\000o\000n}{chapter.4}% 152
\BOOKMARK [0][-]{chapter*.62}{\376\377\000C\000o\000n\000c\000l\000u\000s\000i\000o\000n\000\040\000g\000\351\000n\000\351\000r\000a\000l\000e}{}% 153
\BOOKMARK [0][-]{chapter*.62}{\376\377\000W\000e\000b\000o\000g\000r\000a\000p\000h\000i\000e}{}% 154
\BOOKMARK [0][-]{chapter*.64}{\376\377\000A\000n\000n\000e\000x\000e}{}% 155
\BOOKMARK [0][-]{appendix*.87}{\376\377\000A\000n\000n\000e\000x\000e}{}% 156
